Exporting class: %ZPM.AbstractInstaller
Exporting class: %ZPM.Installer
Exporting class: %ZPM.JSON.Adaptor
Exporting class: %ZPM.JSON.Generator
Exporting class: %ZPM.JSON.Mapping
Exporting class: %ZPM.JSON.MappingProperty
Exporting class: %ZPM.JSON.PropertyParameters
Exporting class: %ZPM.PackageManager.Client.Filesystem.Cache
Exporting class: %ZPM.PackageManager.Client.Filesystem.PackageService
Exporting class: %ZPM.PackageManager.Client.FilesystemServerDefinition
Exporting class: %ZPM.PackageManager.Client.LocalServerDefinition
Exporting class: %ZPM.PackageManager.Client.REST.PackageManagerClient
Exporting class: %ZPM.PackageManager.Client.REST.PublishClient
Exporting class: %ZPM.PackageManager.Client.RemoteServerDefinition
Exporting class: %ZPM.PackageManager.Client.ServerDefinition
Exporting class: %ZPM.PackageManager.Client.Settings
Exporting class: %ZPM.PackageManager.Client.Utils
Exporting routine: %ZPM.PackageManager.Common.INC
Exporting class: %ZPM.PackageManager.Core.Application
Exporting class: %ZPM.PackageManager.Core.IPackageService
Exporting class: %ZPM.PackageManager.Core.IPublishService
Exporting class: %ZPM.PackageManager.Core.InstallationInfo
Exporting class: %ZPM.PackageManager.Core.InvokeReference
Exporting class: %ZPM.PackageManager.Core.ListOfOptions
Exporting class: %ZPM.PackageManager.Core.MappingReference
Exporting class: %ZPM.PackageManager.Core.Module
Exporting class: %ZPM.PackageManager.Core.ModuleInfo.QueryUtils
Exporting class: %ZPM.PackageManager.Core.ModuleInfo
Exporting class: %ZPM.PackageManager.Core.ModuleReference
Exporting class: %ZPM.PackageManager.Core.QualifiedModuleReference
Exporting class: %ZPM.PackageManager.Core.RegExString
Exporting class: %ZPM.PackageManager.Core.ResolvedModuleReference
Exporting class: %ZPM.PackageManager.Core.ResourceReference
Exporting class: %ZPM.PackageManager.Core.SearchCriteria
Exporting class: %ZPM.PackageManager.Core.SemVer.Comparator
Exporting class: %ZPM.PackageManager.Core.SemVer.Range
Exporting class: %ZPM.PackageManager.Core.SemanticVersion
Exporting class: %ZPM.PackageManager.Core.SemanticVersionExpression
Exporting class: %ZPM.PackageManager.Core.VersionedBase
Exporting class: %ZPM.PackageManager.Developer.API.ErrorMessages
Exporting class: %ZPM.PackageManager.Developer.API
Exporting class: %ZPM.PackageManager.Developer.APIDocumentation
Exporting class: %ZPM.PackageManager.Developer.Annotation.Utils
Exporting class: %ZPM.PackageManager.Developer.Annotation
Exporting class: %ZPM.PackageManager.Developer.Archive
Exporting class: %ZPM.PackageManager.Developer.Build
Exporting class: %ZPM.PackageManager.Developer.CLI
Exporting class: %ZPM.PackageManager.Developer.ClassUtils
Exporting class: %ZPM.PackageManager.Developer.Document.AbstractDocument
Exporting class: %ZPM.PackageManager.Developer.Document.AbstractStream
Exporting class: %ZPM.PackageManager.Developer.Document.ErrorMessages
Exporting class: %ZPM.PackageManager.Developer.Document.Module
Exporting class: %ZPM.PackageManager.Developer.Document.ModuleStream
Exporting class: %ZPM.PackageManager.Developer.ErrorMessages.MessageFileStream
Exporting class: %ZPM.PackageManager.Developer.ErrorMessages.MsgDomain
Exporting class: %ZPM.PackageManager.Developer.ErrorMessages.MsgFile
Exporting class: %ZPM.PackageManager.Developer.File
Exporting class: %ZPM.PackageManager.Developer.IConfigurable
Exporting class: %ZPM.PackageManager.Developer.InvokeReference
Exporting class: %ZPM.PackageManager.Developer.Lifecycle.Abstract
Exporting class: %ZPM.PackageManager.Developer.Lifecycle.Application
Exporting class: %ZPM.PackageManager.Developer.Lifecycle.Base
Exporting class: %ZPM.PackageManager.Developer.Lifecycle.DeployedApplication
Exporting class: %ZPM.PackageManager.Developer.Lifecycle.Module
Exporting class: %ZPM.PackageManager.Developer.MappingReference
Exporting class: %ZPM.PackageManager.Developer.Module
Exporting class: %ZPM.PackageManager.Developer.ModuleAuthorInfo
Exporting class: %ZPM.PackageManager.Developer.ModuleSetting.Default
Exporting class: %ZPM.PackageManager.Developer.ModuleSetting.ProcessorDefault.Condition
Exporting class: %ZPM.PackageManager.Developer.ModuleSetting.ProcessorDefault
Exporting class: %ZPM.PackageManager.Developer.ModuleSetting
Exporting class: %ZPM.PackageManager.Developer.ModuleTemplate
Exporting class: %ZPM.PackageManager.Developer.Processor.Abstract
Exporting class: %ZPM.PackageManager.Developer.Processor.AbstractCompilable
Exporting class: %ZPM.PackageManager.Developer.Processor.CSPApplication
Exporting class: %ZPM.PackageManager.Developer.Processor.Copy
Exporting class: %ZPM.PackageManager.Developer.Processor.Default.Class
Exporting class: %ZPM.PackageManager.Developer.Processor.Default.DeepSeeItem
Exporting class: %ZPM.PackageManager.Developer.Processor.Default.Document
Exporting class: %ZPM.PackageManager.Developer.Processor.Default.Global
Exporting class: %ZPM.PackageManager.Developer.Processor.Default.Include
Exporting class: %ZPM.PackageManager.Developer.Processor.Default.Interoperability
Exporting class: %ZPM.PackageManager.Developer.Processor.Default.LocalizedErrorMessages
Exporting class: %ZPM.PackageManager.Developer.Processor.Default.Package
Exporting class: %ZPM.PackageManager.Developer.Processor.Default.Routine
Exporting class: %ZPM.PackageManager.Developer.Processor.FileCopy
Exporting class: %ZPM.PackageManager.Developer.Processor.LegacyErrorMessages
Exporting class: %ZPM.PackageManager.Developer.Processor.LocalizationExport
Exporting class: %ZPM.PackageManager.Developer.Processor.PropertyParameters
Exporting class: %ZPM.PackageManager.Developer.Processor.SystemSetting
Exporting class: %ZPM.PackageManager.Developer.Processor.UIFW
Exporting class: %ZPM.PackageManager.Developer.Processor.UnitTest
Exporting class: %ZPM.PackageManager.Developer.ResourceReference
Exporting class: %ZPM.PackageManager.Developer.SASchema
Exporting class: %ZPM.PackageManager.Developer.SystemRequirements
Exporting class: %ZPM.PackageManager.Developer.UnitTest.JUnitOutput
Exporting class: %ZPM.PackageManager.Developer.UnitTest.Manager
Exporting class: %ZPM.PackageManager.Developer.UnitTest.Utils
Exporting class: %ZPM.PackageManager.Developer.Utils
Exporting class: %ZPM.PackageManager.Developer.XML.CommentHandler
Exporting class: %ZPM.PackageManager.Server.AbstractService
Exporting class: %ZPM.PackageManager.Server.Application
Exporting class: %ZPM.PackageManager.Server.Module
Exporting class: %ZPM.PackageManager.Server.PackageService
Exporting class: %ZPM.PackageManager.Server.PublishService
Exporting class: %ZPM.PackageManager.Server.SemVerFind
Exporting class: %ZPM.PackageManager.Server.SemVerIndex
Exporting class: %ZPM.PackageManager.Server.Utils
Exporting class: %ZPM.PackageManager
Exporting class: %ZPM.Utils.FileBinaryTar
Exporting routine: %ZPM.cache.INC
Exporting class: %ZPM.cache.RawString
Exporting routine: %ZPM.filetempdir.INC
